[2014/4/2 11:08:04]: 方法TableValuedToDB：集合已修改；枚举操作可能无法执行。
[2014/4/2 11:08:10]: 方法TableValuedToDB：集合已修改；枚举操作可能无法执行。
[2014/4/2 11:08:14]: 方法TableValuedToDB：集合已修改；枚举操作可能无法执行。
[2014/4/2 11:08:17]: 方法TableValuedToDB：集合已修改；枚举操作可能无法执行。
[2014/4/2 11:09:53]: 方法TableValuedToDB：集合已修改；枚举操作可能无法执行。
[2014/4/2 11:14:59]: 方法TableValuedToDB：在向服务器发送请求时发生传输级错误。 (provider: TCP Provider, error: 0 - 远程主机强迫关闭了一个现有的连接。)
[2014/4/2 11:15:46]: 方法TableValuedToDB：集合已修改；枚举操作可能无法执行。
[2014/4/2 11:16:05]: 方法TableValuedToDB：集合已修改；枚举操作可能无法执行。
[2014/4/2 11:18:45]: 方法TableValuedToDB：集合已修改；枚举操作可能无法执行。
[2014/4/2 11:18:47]: 方法TableValuedToDB：在向服务器发送请求时发生传输级错误。 (provider: TCP Provider, error: 0 - 远程主机强迫关闭了一个现有的连接。)
[2014/4/2 11:19:06]: 方法TableValuedToDB：集合已修改；枚举操作可能无法执行。
[2014/4/2 11:55:49]: 方法TableValuedToDB：Timeout 时间已到。在操作完成之前超时时间已过或服务器未响应。
[2014/4/2 11:56:13]: 方法TableValuedToDB：Timeout 时间已到。在操作完成之前超时时间已过或服务器未响应。
[2014/4/2 11:57:18]: 方法TableValuedToDB：在向服务器发送请求时发生传输级错误。 (provider: TCP Provider, error: 0 - 远程主机强迫关闭了一个现有的连接。)
[2014/4/2 11:58:15]: 方法TableValuedToDB：集合已修改；枚举操作可能无法执行。
[2014/4/2 11:58:21]: 方法TableValuedToDB：集合已修改；枚举操作可能无法执行。
[2014/4/2 11:58:27]: 方法TableValuedToDB：集合已修改；枚举操作可能无法执行。
[2014/4/2 11:58:36]: 方法TableValuedToDB：集合已修改；枚举操作可能无法执行。
[2014/4/2 13:15:57]: 方法TableValuedToDB：Timeout 时间已到。在操作完成之前超时时间已过或服务器未响应。
当前命令发生了严重错误。应放弃任何可能产生的结果。
在从服务器接收结果时发生传输级错误。 (provider: TCP Provider, error: 0 - 远程主机强迫关闭了一个现有的连接。)
[2014/4/2 13:38:38]: 方法ReadAndWrite：hash:899A42A1C5EDC9358244B1643C5BB3DCA25394AEMeg:Timeout 时间已到。在操作完成之前超时时间已过或服务器未响应。
[2014/4/2 13:39:04]: 方法QuChong：Timeout 时间已到。在操作完成之前超时时间已过或服务器未响应。
